<?xml version="1.0" encoding="UTF-8"?>
<!-- Generated by org.testng.reporters.JUnitXMLReporter -->
<testsuite ignored="2" hostname="DESKTOP-SG1QV75" failures="1" tests="1" name="Gmail Negative Test" time="0.077" errors="0" timestamp="2021-03-15T00:11:10 IST">
  <testcase classname="io.gmail.login.Gmail_login" name="Negatvelogintest" time="0.0">
    <failure type="org.testng.TestNGException" message="
Method Negatvelogintest requires 2 parameters but 3 were supplied in the @Test annotation.">
      <![CDATA[org.testng.TestNGException: 
Method Negatvelogintest requires 2 parameters but 3 were supplied in the @Test annotation.
at java.base/java.util.ArrayList.forEach(ArrayList.java:1511)
... Removed 26 stack frames]]>
    </failure>
  </testcase> <!-- Negatvelogintest -->
  <testcase classname="io.gmail.login.Gmail_login" name="init" time="0.0">
    <ignored/>
  </testcase> <!-- init -->
  <testcase classname="io.gmail.login.Gmail_login" name="login" time="0.0">
    <ignored/>
  </testcase> <!-- login -->
</testsuite> <!-- Gmail Negative Test -->
